\BOOKMARK [1][-]{section.1}{Introduction}{}% 1
\BOOKMARK [1][-]{section.2}{Methodology}{}% 2
\BOOKMARK [1][-]{section.3}{Results and Discussion}{}% 3
\BOOKMARK [2][-]{subsection.3.1}{Part A: Calculating AEP and Initial Optimisation}{section.3}% 4
\BOOKMARK [3][-]{subsubsection.3.1.1}{Validation of Model}{subsection.3.1}% 5
\BOOKMARK [2][-]{subsection.3.2}{Power Variation with Wind Speed}{section.3}% 6
\BOOKMARK [3][-]{subsubsection.3.2.1}{The Weibull Distribution}{subsection.3.2}% 7
\BOOKMARK [3][-]{subsubsection.3.2.2}{AEP: Annual Energy Production}{subsection.3.2}% 8
\BOOKMARK [3][-]{subsubsection.3.2.3}{Optimal Design}{subsection.3.2}% 9
\BOOKMARK [2][-]{subsection.3.3}{Part B: Limitations of Model and Enhancements}{section.3}% 10
\BOOKMARK [3][-]{subsubsection.3.3.1}{Limitations of Model}{subsection.3.3}% 11
\BOOKMARK [3][-]{subsubsection.3.3.2}{Adding Bending Analysis to Model}{subsection.3.3}% 12
\BOOKMARK [3][-]{subsubsection.3.3.3}{Adding Tip Losses to Model}{subsection.3.3}% 13
\BOOKMARK [3][-]{subsubsection.3.3.4}{Final Design}{subsection.3.3}% 14
\BOOKMARK [1][-]{section.4}{Conclusions}{}% 15
\BOOKMARK [1][-]{section*.24}{Appendices}{}% 16
\BOOKMARK [1][-]{Appendix.1.A}{Induced Calculations Function}{}% 17
\BOOKMARK [1][-]{Appendix.1.B}{Wind Turbine Single Velocity Function}{}% 18
\BOOKMARK [1][-]{Appendix.1.C}{Wind Turbine Velocity Range Function}{}% 19
\BOOKMARK [1][-]{Appendix.1.D}{Wind Turbine Velocity Range Function}{}% 20
\BOOKMARK [1][-]{Appendix.1.E}{Flow Chart of FEM Solver}{}% 21
